[2025-03-06T19:40:42.895Z] [31MERROR[39M: [POST] /api/v1/bookings - Path `user` is required. - 400
[2025-03-06T19:46:20.542Z] [31MERROR[39M: [PUT] /api/v1/bookings/update-step/location - 400 - Unexpected token } in JSON at position 302
[2025-03-06T20:11:35.094Z] [31MERROR[39M: [POST] /api/v1/auth/sign-in - 500 - Cannot read properties of undefined (reading 'push')
[2025-03-06T20:13:01.375Z] [31MERROR[39M: [POST] /api/v1/drivers/start-onboarding - 500 - AppError is not defined
[2025-03-06T20:13:22.764Z] [31MERROR[39M: [POST] /api/v1/drivers - 500 - Error starting driver onboarding: Driver validation failed: vehicleInfo.vehicleModel: Path `vehicleInfo.vehicleModel` is required.
[2025-03-06T20:22:26.446Z] [31MERROR[39M: [PUT] /api/v1/drivers/start-onboarding/personal_info - 500 - AppError is not defined
[2025-03-06T20:22:50.207Z] [31MERROR[39M: [PUT] /api/v1/drivers/update-step/personal_info - 500 - Unexpected token o in JSON at position 1
[2025-03-06T20:23:06.595Z] [31MERROR[39M: [PUT] /api/v1/drivers/update-step/personal_info - 500 - Unexpected token o in JSON at position 1
[2025-03-06T20:23:18.571Z] [31MERROR[39M: [PUT] /api/v1/drivers/update-step/personal_info - 500 - Unexpected token o in JSON at position 1
[2025-03-06T20:25:16.013Z] [31MERROR[39M: [PUT] /api/v1/drivers/update-step/personal_info - 500 - Unexpected token o in JSON at position 1
[2025-03-06T20:31:23.363Z] [31MERROR[39M: [PUT] /api/v1/drivers/update-step/personal_info - 500 - Cannot convert object to primitive value
[2025-03-06T20:37:08.976Z] [31MERROR[39M: [PUT] /api/v1/drivers/update-step/personal_info - Invalid date of birth - 400
[2025-03-06T20:37:59.458Z] [31MERROR[39M: [PUT] /api/v1/drivers/update-step/personal_info - Invalid date of birth - 400
[2025-03-06T20:38:27.907Z] [31MERROR[39M: [PUT] /api/v1/drivers/update-step/personal_info - 400 - Invalid date of birth
[2025-03-07T23:50:33.476Z] [31MERROR[39M: [POST] /api/v1/bookings - Cast to ObjectId failed for value "{ userId: '67caeb182a60b39eaa82f41f' }" (type Object) at path "user" because of "BSONError" - 400
[2025-03-07T23:51:24.445Z] [31MERROR[39M: [POST] /api/v1/bookings - Cast to ObjectId failed for value "{ userId: '67caeb182a60b39eaa82f41f' }" (type Object) at path "user" because of "BSONError" - 400
[2025-03-07T23:53:38.030Z] [31MERROR[39M: [POST] /api/v1/bookings - Cast to ObjectId failed for value "{ userId: '67caeb182a60b39eaa82f41f' }" (type Object) at path "user" because of "BSONError" - 400
[2025-03-07T23:57:20.973Z] [31MERROR[39M: [POST] /api/v1/bookings - Cast to ObjectId failed for value "{
  userId: '67caeb182a60b39eaa82f41f',
  pickup: { lat: 30.071173775590747, lng: 31.220152825811503 },
  dropoff: { lat: 30.047104716304794, lng: 31.25760988220364 }
}" (type Object) at path "user" because of "BSONError" - 400
[2025-03-08T00:03:56.256Z] [31MERROR[39M: [POST] /api/v1/bookings - Cast to ObjectId failed for value "{
  userId: '67caeb182a60b39eaa82f41f',
  pickup: { lat: 30.067608358283245, lng: 31.215333938598636 },
  dropoff: { lat: 30.044430015213965, lng: 31.241083145141605 }
}" (type Object) at path "user" because of "BSONError" - 400
[2025-03-08T00:05:41.233Z] [31MERROR[39M: [POST] /api/v1/bookings - Cast to ObjectId failed for value "{
  userId: '67caeb182a60b39eaa82f41f',
  pickup: { lat: 30.104147794697713, lng: 31.1861515045166 },
  dropoff: { lat: 30.047699084516957, lng: 31.237306594848636 }
}" (type Object) at path "user" because of "BSONError" - 400
[2025-03-08T13:39:40.134Z] [31MERROR[39M: MongoDB connection failed querySrv ESERVFAIL _mongodb._tcp.cluster0.xoiwv.mongodb.net
[2025-03-08T20:50:47.552Z] [31MERROR[39M: MongoDB connection failed Could not connect to any servers in your MongoDB Atlas cluster. One common reason is that you're trying to access the database from an IP that isn't whitelisted. Make sure your current IP address is on your Atlas cluster's IP whitelist: https://www.mongodb.com/docs/atlas/security-whitelist/
[2025-03-10T11:00:39.144Z] [31MERROR[39M: MongoDB connection failed Could not connect to any servers in your MongoDB Atlas cluster. One common reason is that you're trying to access the database from an IP that isn't whitelisted. Make sure your current IP address is on your Atlas cluster's IP whitelist: https://www.mongodb.com/docs/atlas/security-whitelist/
[2025-03-10T18:34:31.042Z] [31MERROR[39M: MongoDB connection failed querySrv ESERVFAIL _mongodb._tcp.cluster0.xoiwv.mongodb.net
[2025-03-10T19:06:56.803Z] [31MERROR[39M: [POST] /api/v1/auth/sign-up - 500 - AppError is not defined
[2025-03-10T19:07:21.711Z] [31MERROR[39M: [POST] /api/v1/auth/sign-up - "email" must be a valid email - 400
[2025-03-10T19:09:07.017Z] [31MERROR[39M: [POST] /api/v1/auth/sign-up - 400 - "email" must be a valid email
[2025-03-10T19:10:52.875Z] [31MERROR[39M: [POST] /api/v1/auth/sign-up - 400 - Please enter a valid email address, "name" is not allowed
[2025-03-10T19:15:20.961Z] [31MERROR[39M: [POST] /api/v1/auth/sign-up - 400 - Please enter a valid email address, Password must contain at least one uppercase letter, one lowercase letter, one number, and one special character
[2025-03-10T19:15:44.185Z] [31MERROR[39M: [POST] /api/v1/auth/sign-up - 400 - Password must contain at least one uppercase letter, one lowercase letter, one number, and one special character
[2025-03-10T19:16:00.249Z] [31MERROR[39M: [POST] /api/v1/auth/sign-up - 400 - Password must contain at least one uppercase letter, one lowercase letter, one number, and one special character
[2025-03-10T19:51:58.402Z] [31MERROR[39M: [POST] /api/v1/auth/forgot-password - 400 - Please provide a valid email address
[2025-03-10T19:52:39.323Z] [31MERROR[39M: [POST] /api/v1/auth/forgot-password - 400 - Please provide a valid email address
[2025-03-10T19:54:50.749Z] [31MERROR[39M: [POST] /api/v1/auth/forgot-password - 400 - Please provide a valid email address
[2025-03-10T20:10:22.902Z] [31MERROR[39M: [POST] /api/v1/auth/reset-password - 400 - Reset token is required, New password is required, "password" is not allowed
[2025-03-10T20:10:43.501Z] [31MERROR[39M: [POST] /api/v1/auth/reset-password - 400 - Reset token is required, New password is required
[2025-03-10T20:11:56.142Z] [31MERROR[39M: [POST] /api/v1/auth/reset-password - 400 - Reset token is required, New password is required
[2025-03-10T20:13:56.029Z] [31MERROR[39M: [POST] /api/v1/auth/reset-password - 400 - Reset token is required, New password is required
[2025-03-10T20:14:52.274Z] [31MERROR[39M: [POST] /api/v1/auth/reset-password - Invalid or expired reset token - 400
[2025-03-10T20:16:06.073Z] [31MERROR[39M: [POST] /api/v1/auth/password-reset - 500 - AppError is not defined
[2025-03-10T20:18:31.927Z] [31MERROR[39M: [POST] /api/v1/auth/password-reset - 500 - AppError is not defined
[2025-03-10T20:19:07.313Z] [31MERROR[39M: [POST] /api/v1/auth/password-reset - Can't find /api/v1/auth/password-reset on this server! - 404
[2025-03-10T20:23:12.802Z] [31MERROR[39M: [POST] /api/v1/auth/sign-in - 400 - Invalid credentials
[2025-03-10T21:46:01.817Z] [31MERROR[39M: [POST] /api/v1/auth/forgot-password - User with this email does not exist - 404
[2025-03-10T21:53:58.206Z] [31MERROR[39M: [POST] /api/v1/auth/sign-in - 400 - Invalid credentials
[2025-03-10T21:55:50.874Z] [31MERROR[39M: [POST] /api/v1/auth/sign-in - 400 - Invalid credentials
[2025-03-10T21:57:21.777Z] [31MERROR[39M: [POST] /api/v1/auth/sign-in - 400 - Invalid credentials
[2025-03-10T21:58:15.515Z] [31MERROR[39M: [POST] /api/v1/auth/reset-password - Invalid or expired reset token - 400
[2025-03-10T22:01:50.434Z] [31MERROR[39M: [POST] /api/v1/auth/sign-in - 400 - Invalid credentials
[2025-03-10T22:08:30.774Z] [31MERROR[39M: [POST] /api/v1/auth/reset-password - 400 - Password must contain at least one uppercase letter, one lowercase letter, one number, one special character, no spaces, and cannot have more than 2 repeating characters
[2025-03-10T22:08:59.336Z] [31MERROR[39M: [POST] /api/v1/auth/sign-in - 400 - Invalid credentials
[2025-03-10T22:09:48.100Z] [31MERROR[39M: MongoDB connection failed Could not connect to any servers in your MongoDB Atlas cluster. One common reason is that you're trying to access the database from an IP that isn't whitelisted. Make sure your current IP address is on your Atlas cluster's IP whitelist: https://www.mongodb.com/docs/atlas/security-whitelist/
[2025-03-12T02:09:16.715Z] [31MERROR[39M: MongoDB connection failed Could not connect to any servers in your MongoDB Atlas cluster. One common reason is that you're trying to access the database from an IP that isn't whitelisted. Make sure your current IP address is on your Atlas cluster's IP whitelist: https://www.mongodb.com/docs/atlas/security-whitelist/
[2025-03-12T02:10:47.723Z] [31MERROR[39M: [POST] /api/v1/auth/google-signin - 500 - Google signin failed
[2025-03-12T02:11:02.136Z] [31MERROR[39M: [POST] /api/v1/auth/google-signin - 500 - Google signin failed
[2025-03-12T02:13:53.156Z] [31MERROR[39M: [POST] /api/v1/auth/google-signin - 500 - Google signin failed
[2025-03-12T02:14:11.295Z] [31MERROR[39M: [POST] /api/v1/auth/google-signin - 500 - Google signin failed
[2025-03-12T02:14:38.411Z] [31MERROR[39M: [POST] /api/v1/auth/sign-in - 400 - Invalid credentials
[2025-03-12T02:15:06.653Z] [31MERROR[39M: [POST] /api/v1/auth/google-signup - 400 - "role" is not allowed
[2025-03-12T02:15:16.035Z] [31MERROR[39M: [POST] /api/v1/auth/google-signup - 400 - "role" is not allowed
[2025-03-12T02:21:39.445Z] [31MERROR[39M: [POST] /api/v1/auth/google-signin - 500 - Google signin failed
